<?xml version="1.0" encoding="UTF-8"?>
<!-- Generated by org.testng.reporters.JUnitReportReporter -->
<testsuite hostname="DESKTOP-VA61BRK" failures="0" tests="7" name="com.tutorialninja.qa.testcases.LoginTest" time="41.423" errors="0" timestamp="2024-08-08T13:05:34 IST" skipped="0">
  <testcase classname="com.tutorialninja.qa.testcases.LoginTest" name="verifyLoginWithValidCredentials" time="5.906"/>
  <testcase classname="com.tutorialninja.qa.testcases.LoginTest" name="verifyLoginWithValidCredentials" time="6.116"/>
  <testcase classname="com.tutorialninja.qa.testcases.LoginTest" name="verifyLoginWithValidCredentials" time="6.047"/>
  <testcase classname="com.tutorialninja.qa.testcases.LoginTest" name="verifyLoginWithInvalidCredentials" time="5.829"/>
  <testcase classname="com.tutorialninja.qa.testcases.LoginTest" name="verifyLoginWithInvalidEmailAndValidPassword" time="6.107"/>
  <testcase classname="com.tutorialninja.qa.testcases.LoginTest" name="verifyLoginWithValidEmailAndInvalidPasswod" time="5.734"/>
  <testcase classname="com.tutorialninja.qa.testcases.LoginTest" name="verifyLoginWithEmptyEmailAndEmptyPassword" time="5.684"/>
</testsuite> <!-- com.tutorialninja.qa.testcases.LoginTest -->
