<?xml version="1.0" encoding="UTF-8"?>
<!-- Generated by org.testng.reporters.JUnitReportReporter -->
<testsuite hostname="DESKTOP-VA61BRK" failures="0" tests="4" name="com.tutorialninja.qa.testcases.RegisterTest" time="29.990" errors="0" timestamp="2024-08-08T13:05:34 IST" skipped="0">
  <testcase classname="com.tutorialninja.qa.testcases.RegisterTest" name="verifyRegisteringAnAccountWithMandatoryFields" time="6.997"/>
  <testcase classname="com.tutorialninja.qa.testcases.RegisterTest" name="verifyRegisteringAccountByProvdingAllFields" time="6.829"/>
  <testcase classname="com.tutorialninja.qa.testcases.RegisterTest" name="verifyRegesteringAccountWithExistingEmailAddress" time="9.598"/>
  <testcase classname="com.tutorialninja.qa.testcases.RegisterTest" name="verifyReesteringAccountWithoutAnyMandatoryFields" time="6.566"/>
</testsuite> <!-- com.tutorialninja.qa.testcases.RegisterTest -->
